2023-07-19T00:01:58.879+02:00  INFO 18656 --- [SpringApplicationShutdownHook] j.LocalContainerEntityManagerFactoryBean : Closing JPA EntityManagerFactory for persistence unit 'default'
2023-07-19T00:01:58.884+02:00  INFO 18656 --- [SpringApplicationShutdownHook] com.zaxxer.hikari.HikariDataSource       : HikariPool-1 - Shutdown initiated...
2023-07-19T00:01:58.889+02:00  INFO 18656 --- [SpringApplicationShutdownHook] com.zaxxer.hikari.HikariDataSource       : HikariPool-1 - Shutdown completed.
2023-07-19T00:02:04.858+02:00  INFO 18736 --- [main] c.o.paymybuddy.PaymybuddyApplication     : Starting PaymybuddyApplication using Java 17.0.6 with PID 18736 (C:\Users\simon\eclipse-workspace\PayMyBuddy\lefort-simon-projet-6\target\classes started by Simon in C:\Users\simon\eclipse-workspace\PayMyBuddy\lefort-simon-projet-6)
2023-07-19T00:02:04.861+02:00  INFO 18736 --- [main] c.o.paymybuddy.PaymybuddyApplication     : No active profile set, falling back to 1 default profile: "default"
2023-07-19T00:02:05.245+02:00  INFO 18736 --- [main] .s.d.r.c.RepositoryConfigurationDelegate : Bootstrapping Spring Data JPA repositories in DEFAULT mode.
2023-07-19T00:02:05.281+02:00  INFO 18736 --- [main] .s.d.r.c.RepositoryConfigurationDelegate : Finished Spring Data repository scanning in 31 ms. Found 2 JPA repository interfaces.
2023-07-19T00:02:05.641+02:00  INFO 18736 --- [main] o.s.b.w.embedded.tomcat.TomcatWebServer  : Tomcat initialized with port(s): 8080 (http)
2023-07-19T00:02:05.647+02:00  INFO 18736 --- [main] o.apache.catalina.core.StandardService   : Starting service [Tomcat]
2023-07-19T00:02:05.647+02:00  INFO 18736 --- [main] o.apache.catalina.core.StandardEngine    : Starting Servlet engine: [Apache Tomcat/10.1.10]
2023-07-19T00:02:05.720+02:00  INFO 18736 --- [main] o.a.c.c.C.[Tomcat].[localhost].[/]       : Initializing Spring embedded WebApplicationContext
2023-07-19T00:02:05.721+02:00  INFO 18736 --- [main] w.s.c.ServletWebServerApplicationContext : Root WebApplicationContext: initialization completed in 830 ms
2023-07-19T00:02:05.813+02:00  INFO 18736 --- [main] o.hibernate.jpa.internal.util.LogHelper  : HHH000204: Processing PersistenceUnitInfo [name: default]
2023-07-19T00:02:05.843+02:00  INFO 18736 --- [main] org.hibernate.Version                    : HHH000412: Hibernate ORM core version 6.2.5.Final
2023-07-19T00:02:05.845+02:00  INFO 18736 --- [main] org.hibernate.cfg.Environment            : HHH000406: Using bytecode reflection optimizer
2023-07-19T00:02:05.927+02:00  INFO 18736 --- [main] o.h.b.i.BytecodeProviderInitiator        : HHH000021: Bytecode provider name : bytebuddy
2023-07-19T00:02:06.006+02:00  INFO 18736 --- [main] o.s.o.j.p.SpringPersistenceUnitInfo      : No LoadTimeWeaver setup: ignoring JPA class transformer
2023-07-19T00:02:06.016+02:00  INFO 18736 --- [main] com.zaxxer.hikari.HikariDataSource       : HikariPool-1 - Starting...
2023-07-19T00:02:06.197+02:00  INFO 18736 --- [main] com.zaxxer.hikari.pool.HikariPool        : HikariPool-1 - Added connection com.mysql.cj.jdbc.ConnectionImpl@677cc4e8
2023-07-19T00:02:06.198+02:00  INFO 18736 --- [main] com.zaxxer.hikari.HikariDataSource       : HikariPool-1 - Start completed.
2023-07-19T00:02:06.228+02:00  WARN 18736 --- [main] org.hibernate.orm.deprecation            : HHH90000026: MySQL8Dialect has been deprecated; use org.hibernate.dialect.MySQLDialect instead
2023-07-19T00:02:06.377+02:00  INFO 18736 --- [main] o.h.b.i.BytecodeProviderInitiator        : HHH000021: Bytecode provider name : bytebuddy
2023-07-19T00:02:06.840+02:00  INFO 18736 --- [main] o.h.e.t.j.p.i.JtaPlatformInitiator       : HHH000490: Using JtaPlatform implementation: [org.hibernate.engine.transaction.jta.platform.internal.NoJtaPlatform]
2023-07-19T00:02:06.908+02:00  INFO 18736 --- [main] j.LocalContainerEntityManagerFactoryBean : Initialized JPA EntityManagerFactory for persistence unit 'default'
2023-07-19T00:02:07.136+02:00  INFO 18736 --- [main] c.o.p.configuration.SecurityConfig       : AuthenticationManager call
2023-07-19T00:02:07.138+02:00  INFO 18736 --- [main] c.o.p.configuration.SecurityConfig       : DaoAuthenticationProvider call
2023-07-19T00:02:07.147+02:00  INFO 18736 --- [main] c.o.p.configuration.SecurityConfig       : Encode password
2023-07-19T00:02:07.167+02:00  WARN 18736 --- [main] JpaBaseConfiguration$JpaWebConfiguration : spring.jpa.open-in-view is enabled by default. Therefore, database queries may be performed during view rendering. Explicitly configure spring.jpa.open-in-view to disable this warning
2023-07-19T00:02:07.218+02:00  INFO 18736 --- [main] c.o.p.configuration.SecurityConfig       : SecurityFilterChain applied
2023-07-19T00:02:07.332+02:00  INFO 18736 --- [main] o.s.s.web.DefaultSecurityFilterChain     : Will secure any request with [org.springframework.security.web.session.DisableEncodeUrlFilter@2e8eafb2, org.springframework.security.web.context.request.async.WebAsyncManagerIntegrationFilter@7a3f3bc4, org.springframework.security.web.context.SecurityContextHolderFilter@2c8c42c, org.springframework.security.web.header.HeaderWriterFilter@3c577368, org.springframework.security.web.csrf.CsrfFilter@45649467, org.springframework.security.web.authentication.logout.LogoutFilter@5e1bfe66, org.springframework.security.web.authentication.UsernamePasswordAuthenticationFilter@6f076c53, org.springframework.security.web.savedrequest.RequestCacheAwareFilter@6d4df1d2, org.springframework.security.web.servletapi.SecurityContextHolderAwareRequestFilter@70ca8e72, org.springframework.security.web.authentication.AnonymousAuthenticationFilter@8cd2bb5, org.springframework.security.web.access.ExceptionTranslationFilter@e356940, org.springframework.security.web.access.intercept.FilterSecurityInterceptor@7004cd44]
2023-07-19T00:02:07.454+02:00  INFO 18736 --- [main] o.s.b.w.embedded.tomcat.TomcatWebServer  : Tomcat started on port(s): 8080 (http) with context path ''
2023-07-19T00:02:07.459+02:00  INFO 18736 --- [main] c.o.paymybuddy.PaymybuddyApplication     : Started PaymybuddyApplication in 2.867 seconds (process running for 3.114)
2023-07-19T00:02:11.284+02:00  INFO 18736 --- [http-nio-8080-exec-1] o.a.c.c.C.[Tomcat].[localhost].[/]       : Initializing Spring DispatcherServlet 'dispatcherServlet'
2023-07-19T00:02:11.285+02:00  INFO 18736 --- [http-nio-8080-exec-1] o.s.web.servlet.DispatcherServlet        : Initializing Servlet 'dispatcherServlet'
2023-07-19T00:02:11.286+02:00  INFO 18736 --- [http-nio-8080-exec-1] o.s.web.servlet.DispatcherServlet        : Completed initialization in 1 ms
2023-07-19T00:02:32.329+02:00  INFO 18736 --- [http-nio-8080-exec-5] c.o.p.controller.UtilisateurController   : performing get register
2023-07-19T00:03:31.904+02:00  INFO 18736 --- [SpringApplicationShutdownHook] j.LocalContainerEntityManagerFactoryBean : Closing JPA EntityManagerFactory for persistence unit 'default'
2023-07-19T00:03:31.908+02:00  INFO 18736 --- [SpringApplicationShutdownHook] com.zaxxer.hikari.HikariDataSource       : HikariPool-1 - Shutdown initiated...
2023-07-19T00:03:31.918+02:00  INFO 18736 --- [SpringApplicationShutdownHook] com.zaxxer.hikari.HikariDataSource       : HikariPool-1 - Shutdown completed.
2023-07-19T00:03:37.568+02:00  INFO 18600 --- [main] c.o.paymybuddy.PaymybuddyApplication     : Starting PaymybuddyApplication using Java 17.0.6 with PID 18600 (C:\Users\simon\eclipse-workspace\PayMyBuddy\lefort-simon-projet-6\target\classes started by Simon in C:\Users\simon\eclipse-workspace\PayMyBuddy\lefort-simon-projet-6)
2023-07-19T00:03:37.569+02:00  INFO 18600 --- [main] c.o.paymybuddy.PaymybuddyApplication     : No active profile set, falling back to 1 default profile: "default"
2023-07-19T00:03:37.955+02:00  INFO 18600 --- [main] .s.d.r.c.RepositoryConfigurationDelegate : Bootstrapping Spring Data JPA repositories in DEFAULT mode.
2023-07-19T00:03:37.996+02:00  INFO 18600 --- [main] .s.d.r.c.RepositoryConfigurationDelegate : Finished Spring Data repository scanning in 36 ms. Found 2 JPA repository interfaces.
2023-07-19T00:03:38.365+02:00  INFO 18600 --- [main] o.s.b.w.embedded.tomcat.TomcatWebServer  : Tomcat initialized with port(s): 8080 (http)
2023-07-19T00:03:38.372+02:00  INFO 18600 --- [main] o.apache.catalina.core.StandardService   : Starting service [Tomcat]
2023-07-19T00:03:38.373+02:00  INFO 18600 --- [main] o.apache.catalina.core.StandardEngine    : Starting Servlet engine: [Apache Tomcat/10.1.10]
2023-07-19T00:03:38.454+02:00  INFO 18600 --- [main] o.a.c.c.C.[Tomcat].[localhost].[/]       : Initializing Spring embedded WebApplicationContext
2023-07-19T00:03:38.454+02:00  INFO 18600 --- [main] w.s.c.ServletWebServerApplicationContext : Root WebApplicationContext: initialization completed in 853 ms
2023-07-19T00:03:38.548+02:00  INFO 18600 --- [main] o.hibernate.jpa.internal.util.LogHelper  : HHH000204: Processing PersistenceUnitInfo [name: default]
2023-07-19T00:03:38.581+02:00  INFO 18600 --- [main] org.hibernate.Version                    : HHH000412: Hibernate ORM core version 6.2.5.Final
2023-07-19T00:03:38.582+02:00  INFO 18600 --- [main] org.hibernate.cfg.Environment            : HHH000406: Using bytecode reflection optimizer
2023-07-19T00:03:38.662+02:00  INFO 18600 --- [main] o.h.b.i.BytecodeProviderInitiator        : HHH000021: Bytecode provider name : bytebuddy
2023-07-19T00:03:38.744+02:00  INFO 18600 --- [main] o.s.o.j.p.SpringPersistenceUnitInfo      : No LoadTimeWeaver setup: ignoring JPA class transformer
2023-07-19T00:03:38.755+02:00  INFO 18600 --- [main] com.zaxxer.hikari.HikariDataSource       : HikariPool-1 - Starting...
2023-07-19T00:03:38.936+02:00  INFO 18600 --- [main] com.zaxxer.hikari.pool.HikariPool        : HikariPool-1 - Added connection com.mysql.cj.jdbc.ConnectionImpl@7eee6c13
2023-07-19T00:03:38.938+02:00  INFO 18600 --- [main] com.zaxxer.hikari.HikariDataSource       : HikariPool-1 - Start completed.
2023-07-19T00:03:38.969+02:00  WARN 18600 --- [main] org.hibernate.orm.deprecation            : HHH90000026: MySQL8Dialect has been deprecated; use org.hibernate.dialect.MySQLDialect instead
2023-07-19T00:03:39.118+02:00  INFO 18600 --- [main] o.h.b.i.BytecodeProviderInitiator        : HHH000021: Bytecode provider name : bytebuddy
2023-07-19T00:03:39.589+02:00  INFO 18600 --- [main] o.h.e.t.j.p.i.JtaPlatformInitiator       : HHH000490: Using JtaPlatform implementation: [org.hibernate.engine.transaction.jta.platform.internal.NoJtaPlatform]
2023-07-19T00:03:39.666+02:00  INFO 18600 --- [main] j.LocalContainerEntityManagerFactoryBean : Initialized JPA EntityManagerFactory for persistence unit 'default'
2023-07-19T00:03:39.901+02:00  INFO 18600 --- [main] c.o.p.configuration.SecurityConfig       : AuthenticationManager call
2023-07-19T00:03:39.903+02:00  INFO 18600 --- [main] c.o.p.configuration.SecurityConfig       : DaoAuthenticationProvider call
2023-07-19T00:03:39.911+02:00  INFO 18600 --- [main] c.o.p.configuration.SecurityConfig       : Encode password
2023-07-19T00:03:39.932+02:00  WARN 18600 --- [main] JpaBaseConfiguration$JpaWebConfiguration : spring.jpa.open-in-view is enabled by default. Therefore, database queries may be performed during view rendering. Explicitly configure spring.jpa.open-in-view to disable this warning
2023-07-19T00:03:39.982+02:00  INFO 18600 --- [main] c.o.p.configuration.SecurityConfig       : SecurityFilterChain applied
2023-07-19T00:03:40.100+02:00  INFO 18600 --- [main] o.s.s.web.DefaultSecurityFilterChain     : Will secure any request with [org.springframework.security.web.session.DisableEncodeUrlFilter@4b3b2a4f, org.springframework.security.web.context.request.async.WebAsyncManagerIntegrationFilter@2e8eafb2, org.springframework.security.web.context.SecurityContextHolderFilter@57c7ec30, org.springframework.security.web.header.HeaderWriterFilter@e356940, org.springframework.security.web.csrf.CsrfFilter@6fd07a56, org.springframework.security.web.authentication.logout.LogoutFilter@1a1dd8eb, org.springframework.security.web.authentication.UsernamePasswordAuthenticationFilter@56b66cc6, org.springframework.security.web.savedrequest.RequestCacheAwareFilter@2c8c42c, org.springframework.security.web.servletapi.SecurityContextHolderAwareRequestFilter@5032b2e, org.springframework.security.web.authentication.AnonymousAuthenticationFilter@7a3f3bc4, org.springframework.security.web.access.ExceptionTranslationFilter@1c0a143, org.springframework.security.web.access.intercept.FilterSecurityInterceptor@818a514]
2023-07-19T00:03:40.223+02:00  INFO 18600 --- [main] o.s.b.w.embedded.tomcat.TomcatWebServer  : Tomcat started on port(s): 8080 (http) with context path ''
2023-07-19T00:03:40.228+02:00  INFO 18600 --- [main] c.o.paymybuddy.PaymybuddyApplication     : Started PaymybuddyApplication in 2.929 seconds (process running for 3.174)
2023-07-19T00:03:47.210+02:00  INFO 18600 --- [http-nio-8080-exec-1] o.a.c.c.C.[Tomcat].[localhost].[/]       : Initializing Spring DispatcherServlet 'dispatcherServlet'
2023-07-19T00:03:47.211+02:00  INFO 18600 --- [http-nio-8080-exec-1] o.s.web.servlet.DispatcherServlet        : Initializing Servlet 'dispatcherServlet'
2023-07-19T00:03:47.212+02:00  INFO 18600 --- [http-nio-8080-exec-1] o.s.web.servlet.DispatcherServlet        : Completed initialization in 0 ms
2023-07-19T00:03:47.246+02:00  INFO 18600 --- [http-nio-8080-exec-1] c.o.p.controller.UtilisateurController   : performing get register
2023-07-19T00:03:52.702+02:00  INFO 18600 --- [http-nio-8080-exec-2] c.o.p.controller.UtilisateurController   : performing post register
2023-07-19T00:03:52.703+02:00  INFO 18600 --- [http-nio-8080-exec-2] c.o.p.service.UtilisateurService         : Recherche du compte simonlefort@hotmail.fr
2023-07-19T00:03:52.773+02:00 ERROR 18600 --- [http-nio-8080-exec-2] c.o.p.service.UtilisateurService         : Aucun compte ne correspond a simonlefort@hotmail.fr
2023-07-19T00:03:52.775+02:00  INFO 18600 --- [http-nio-8080-exec-2] c.o.p.service.UtilisateurService         : Creation de l'utilisateur
2023-07-19T00:04:39.212+02:00  INFO 18600 --- [SpringApplicationShutdownHook] j.LocalContainerEntityManagerFactoryBean : Closing JPA EntityManagerFactory for persistence unit 'default'
2023-07-19T00:04:39.213+02:00  INFO 18600 --- [SpringApplicationShutdownHook] com.zaxxer.hikari.HikariDataSource       : HikariPool-1 - Shutdown initiated...
2023-07-19T00:04:39.217+02:00  INFO 18600 --- [SpringApplicationShutdownHook] com.zaxxer.hikari.HikariDataSource       : HikariPool-1 - Shutdown completed.
2023-07-19T00:04:45.026+02:00  INFO 18780 --- [main] c.o.paymybuddy.PaymybuddyApplication     : Starting PaymybuddyApplication using Java 17.0.6 with PID 18780 (C:\Users\simon\eclipse-workspace\PayMyBuddy\lefort-simon-projet-6\target\classes started by Simon in C:\Users\simon\eclipse-workspace\PayMyBuddy\lefort-simon-projet-6)
2023-07-19T00:04:45.027+02:00  INFO 18780 --- [main] c.o.paymybuddy.PaymybuddyApplication     : No active profile set, falling back to 1 default profile: "default"
2023-07-19T00:04:45.409+02:00  INFO 18780 --- [main] .s.d.r.c.RepositoryConfigurationDelegate : Bootstrapping Spring Data JPA repositories in DEFAULT mode.
2023-07-19T00:04:45.445+02:00  INFO 18780 --- [main] .s.d.r.c.RepositoryConfigurationDelegate : Finished Spring Data repository scanning in 31 ms. Found 2 JPA repository interfaces.
2023-07-19T00:04:45.807+02:00  INFO 18780 --- [main] o.s.b.w.embedded.tomcat.TomcatWebServer  : Tomcat initialized with port(s): 8080 (http)
2023-07-19T00:04:45.814+02:00  INFO 18780 --- [main] o.apache.catalina.core.StandardService   : Starting service [Tomcat]
2023-07-19T00:04:45.814+02:00  INFO 18780 --- [main] o.apache.catalina.core.StandardEngine    : Starting Servlet engine: [Apache Tomcat/10.1.10]
2023-07-19T00:04:45.887+02:00  INFO 18780 --- [main] o.a.c.c.C.[Tomcat].[localhost].[/]       : Initializing Spring embedded WebApplicationContext
2023-07-19T00:04:45.888+02:00  INFO 18780 --- [main] w.s.c.ServletWebServerApplicationContext : Root WebApplicationContext: initialization completed in 832 ms
2023-07-19T00:04:45.978+02:00  INFO 18780 --- [main] o.hibernate.jpa.internal.util.LogHelper  : HHH000204: Processing PersistenceUnitInfo [name: default]
2023-07-19T00:04:46.010+02:00  INFO 18780 --- [main] org.hibernate.Version                    : HHH000412: Hibernate ORM core version 6.2.5.Final
2023-07-19T00:04:46.012+02:00  INFO 18780 --- [main] org.hibernate.cfg.Environment            : HHH000406: Using bytecode reflection optimizer
2023-07-19T00:04:46.094+02:00  INFO 18780 --- [main] o.h.b.i.BytecodeProviderInitiator        : HHH000021: Bytecode provider name : bytebuddy
2023-07-19T00:04:46.174+02:00  INFO 18780 --- [main] o.s.o.j.p.SpringPersistenceUnitInfo      : No LoadTimeWeaver setup: ignoring JPA class transformer
2023-07-19T00:04:46.185+02:00  INFO 18780 --- [main] com.zaxxer.hikari.HikariDataSource       : HikariPool-1 - Starting...
2023-07-19T00:04:46.366+02:00  INFO 18780 --- [main] com.zaxxer.hikari.pool.HikariPool        : HikariPool-1 - Added connection com.mysql.cj.jdbc.ConnectionImpl@677cc4e8
2023-07-19T00:04:46.368+02:00  INFO 18780 --- [main] com.zaxxer.hikari.HikariDataSource       : HikariPool-1 - Start completed.
2023-07-19T00:04:46.398+02:00  WARN 18780 --- [main] org.hibernate.orm.deprecation            : HHH90000026: MySQL8Dialect has been deprecated; use org.hibernate.dialect.MySQLDialect instead
2023-07-19T00:04:46.552+02:00  INFO 18780 --- [main] o.h.b.i.BytecodeProviderInitiator        : HHH000021: Bytecode provider name : bytebuddy
2023-07-19T00:04:47.021+02:00  INFO 18780 --- [main] o.h.e.t.j.p.i.JtaPlatformInitiator       : HHH000490: Using JtaPlatform implementation: [org.hibernate.engine.transaction.jta.platform.internal.NoJtaPlatform]
2023-07-19T00:04:47.089+02:00  INFO 18780 --- [main] j.LocalContainerEntityManagerFactoryBean : Initialized JPA EntityManagerFactory for persistence unit 'default'
2023-07-19T00:04:47.315+02:00  INFO 18780 --- [main] c.o.p.configuration.SecurityConfig       : AuthenticationManager call
2023-07-19T00:04:47.317+02:00  INFO 18780 --- [main] c.o.p.configuration.SecurityConfig       : DaoAuthenticationProvider call
2023-07-19T00:04:47.326+02:00  INFO 18780 --- [main] c.o.p.configuration.SecurityConfig       : Encode password
2023-07-19T00:04:47.346+02:00  WARN 18780 --- [main] JpaBaseConfiguration$JpaWebConfiguration : spring.jpa.open-in-view is enabled by default. Therefore, database queries may be performed during view rendering. Explicitly configure spring.jpa.open-in-view to disable this warning
2023-07-19T00:04:47.394+02:00  INFO 18780 --- [main] c.o.p.configuration.SecurityConfig       : SecurityFilterChain applied
2023-07-19T00:04:47.509+02:00  INFO 18780 --- [main] o.s.s.web.DefaultSecurityFilterChain     : Will secure any request with [org.springframework.security.web.session.DisableEncodeUrlFilter@1a3611b1, org.springframework.security.web.context.request.async.WebAsyncManagerIntegrationFilter@419ece7a, org.springframework.security.web.context.SecurityContextHolderFilter@34e7cde3, org.springframework.security.web.header.HeaderWriterFilter@5032b2e, org.springframework.security.web.csrf.CsrfFilter@3df4cd96, org.springframework.security.web.authentication.logout.LogoutFilter@425a5c2e, org.springframework.security.web.authentication.UsernamePasswordAuthenticationFilter@2e8eafb2, org.springframework.security.web.savedrequest.RequestCacheAwareFilter@2ae07dbd, org.springframework.security.web.servletapi.SecurityContextHolderAwareRequestFilter@e7ddf8d, org.springframework.security.web.authentication.AnonymousAuthenticationFilter@427c2c96, org.springframework.security.web.access.ExceptionTranslationFilter@729de0e1, org.springframework.security.web.access.intercept.FilterSecurityInterceptor@eef6e]
2023-07-19T00:04:47.634+02:00  INFO 18780 --- [main] o.s.b.w.embedded.tomcat.TomcatWebServer  : Tomcat started on port(s): 8080 (http) with context path ''
2023-07-19T00:04:47.640+02:00  INFO 18780 --- [main] c.o.paymybuddy.PaymybuddyApplication     : Started PaymybuddyApplication in 2.88 seconds (process running for 3.126)
2023-07-19T00:04:52.406+02:00  INFO 18780 --- [http-nio-8080-exec-1] o.a.c.c.C.[Tomcat].[localhost].[/]       : Initializing Spring DispatcherServlet 'dispatcherServlet'
2023-07-19T00:04:52.406+02:00  INFO 18780 --- [http-nio-8080-exec-1] o.s.web.servlet.DispatcherServlet        : Initializing Servlet 'dispatcherServlet'
2023-07-19T00:04:52.407+02:00  INFO 18780 --- [http-nio-8080-exec-1] o.s.web.servlet.DispatcherServlet        : Completed initialization in 1 ms
2023-07-19T00:10:09.515+02:00  INFO 18780 --- [SpringApplicationShutdownHook] j.LocalContainerEntityManagerFactoryBean : Closing JPA EntityManagerFactory for persistence unit 'default'
2023-07-19T00:10:09.517+02:00  INFO 18780 --- [SpringApplicationShutdownHook] com.zaxxer.hikari.HikariDataSource       : HikariPool-1 - Shutdown initiated...
2023-07-19T00:10:09.522+02:00  INFO 18780 --- [SpringApplicationShutdownHook] com.zaxxer.hikari.HikariDataSource       : HikariPool-1 - Shutdown completed.
2023-07-19T00:10:14.962+02:00  INFO 9732 --- [main] c.o.paymybuddy.PaymybuddyApplication     : Starting PaymybuddyApplication using Java 17.0.6 with PID 9732 (C:\Users\simon\eclipse-workspace\PayMyBuddy\lefort-simon-projet-6\target\classes started by Simon in C:\Users\simon\eclipse-workspace\PayMyBuddy\lefort-simon-projet-6)
2023-07-19T00:10:14.964+02:00  INFO 9732 --- [main] c.o.paymybuddy.PaymybuddyApplication     : No active profile set, falling back to 1 default profile: "default"
2023-07-19T00:10:15.337+02:00  INFO 9732 --- [main] .s.d.r.c.RepositoryConfigurationDelegate : Bootstrapping Spring Data JPA repositories in DEFAULT mode.
2023-07-19T00:10:15.371+02:00  INFO 9732 --- [main] .s.d.r.c.RepositoryConfigurationDelegate : Finished Spring Data repository scanning in 30 ms. Found 2 JPA repository interfaces.
2023-07-19T00:10:15.728+02:00  INFO 9732 --- [main] o.s.b.w.embedded.tomcat.TomcatWebServer  : Tomcat initialized with port(s): 8080 (http)
2023-07-19T00:10:15.734+02:00  INFO 9732 --- [main] o.apache.catalina.core.StandardService   : Starting service [Tomcat]
2023-07-19T00:10:15.735+02:00  INFO 9732 --- [main] o.apache.catalina.core.StandardEngine    : Starting Servlet engine: [Apache Tomcat/10.1.10]
2023-07-19T00:10:15.809+02:00  INFO 9732 --- [main] o.a.c.c.C.[Tomcat].[localhost].[/]       : Initializing Spring embedded WebApplicationContext
2023-07-19T00:10:15.810+02:00  INFO 9732 --- [main] w.s.c.ServletWebServerApplicationContext : Root WebApplicationContext: initialization completed in 818 ms
2023-07-19T00:10:15.902+02:00  INFO 9732 --- [main] o.hibernate.jpa.internal.util.LogHelper  : HHH000204: Processing PersistenceUnitInfo [name: default]
2023-07-19T00:10:15.934+02:00  INFO 9732 --- [main] org.hibernate.Version                    : HHH000412: Hibernate ORM core version 6.2.5.Final
2023-07-19T00:10:15.936+02:00  INFO 9732 --- [main] org.hibernate.cfg.Environment            : HHH000406: Using bytecode reflection optimizer
2023-07-19T00:10:16.018+02:00  INFO 9732 --- [main] o.h.b.i.BytecodeProviderInitiator        : HHH000021: Bytecode provider name : bytebuddy
2023-07-19T00:10:16.100+02:00  INFO 9732 --- [main] o.s.o.j.p.SpringPersistenceUnitInfo      : No LoadTimeWeaver setup: ignoring JPA class transformer
2023-07-19T00:10:16.110+02:00  INFO 9732 --- [main] com.zaxxer.hikari.HikariDataSource       : HikariPool-1 - Starting...
2023-07-19T00:10:16.291+02:00  INFO 9732 --- [main] com.zaxxer.hikari.pool.HikariPool        : HikariPool-1 - Added connection com.mysql.cj.jdbc.ConnectionImpl@2ae5bd34
2023-07-19T00:10:16.292+02:00  INFO 9732 --- [main] com.zaxxer.hikari.HikariDataSource       : HikariPool-1 - Start completed.
2023-07-19T00:10:16.322+02:00  WARN 9732 --- [main] org.hibernate.orm.deprecation            : HHH90000026: MySQL8Dialect has been deprecated; use org.hibernate.dialect.MySQLDialect instead
2023-07-19T00:10:16.468+02:00  INFO 9732 --- [main] o.h.b.i.BytecodeProviderInitiator        : HHH000021: Bytecode provider name : bytebuddy
2023-07-19T00:10:16.928+02:00  INFO 9732 --- [main] o.h.e.t.j.p.i.JtaPlatformInitiator       : HHH000490: Using JtaPlatform implementation: [org.hibernate.engine.transaction.jta.platform.internal.NoJtaPlatform]
2023-07-19T00:10:16.994+02:00  INFO 9732 --- [main] j.LocalContainerEntityManagerFactoryBean : Initialized JPA EntityManagerFactory for persistence unit 'default'
2023-07-19T00:10:17.215+02:00  INFO 9732 --- [main] c.o.p.configuration.SecurityConfig       : AuthenticationManager call
2023-07-19T00:10:17.217+02:00  INFO 9732 --- [main] c.o.p.configuration.SecurityConfig       : DaoAuthenticationProvider call
2023-07-19T00:10:17.225+02:00  INFO 9732 --- [main] c.o.p.configuration.SecurityConfig       : Encode password
2023-07-19T00:10:17.245+02:00  WARN 9732 --- [main] JpaBaseConfiguration$JpaWebConfiguration : spring.jpa.open-in-view is enabled by default. Therefore, database queries may be performed during view rendering. Explicitly configure spring.jpa.open-in-view to disable this warning
2023-07-19T00:10:17.293+02:00  INFO 9732 --- [main] c.o.p.configuration.SecurityConfig       : SecurityFilterChain applied
2023-07-19T00:10:17.395+02:00  INFO 9732 --- [main] o.s.s.web.DefaultSecurityFilterChain     : Will secure any request with [org.springframework.security.web.session.DisableEncodeUrlFilter@77e1b84c, org.springframework.security.web.context.request.async.WebAsyncManagerIntegrationFilter@12d8e6b6, org.springframework.security.web.context.SecurityContextHolderFilter@44a7661d, org.springframework.security.web.header.HeaderWriterFilter@433362e0, org.springframework.security.web.csrf.CsrfFilter@e7ddf8d, org.springframework.security.web.authentication.logout.LogoutFilter@192b76a4, org.springframework.security.web.authentication.UsernamePasswordAuthenticationFilter@27b84c9a, org.springframework.security.web.savedrequest.RequestCacheAwareFilter@cf0bc92, org.springframework.security.web.servletapi.SecurityContextHolderAwareRequestFilter@c2191a8, org.springframework.security.web.authentication.AnonymousAuthenticationFilter@6d911985, org.springframework.security.web.access.ExceptionTranslationFilter@6c399d4, org.springframework.security.web.access.intercept.AuthorizationFilter@3445ddf2]
2023-07-19T00:10:17.519+02:00  INFO 9732 --- [main] o.s.b.w.embedded.tomcat.TomcatWebServer  : Tomcat started on port(s): 8080 (http) with context path ''
2023-07-19T00:10:17.524+02:00  INFO 9732 --- [main] c.o.paymybuddy.PaymybuddyApplication     : Started PaymybuddyApplication in 2.825 seconds (process running for 3.072)
2023-07-19T00:10:19.881+02:00  INFO 9732 --- [http-nio-8080-exec-1] o.a.c.c.C.[Tomcat].[localhost].[/]       : Initializing Spring DispatcherServlet 'dispatcherServlet'
2023-07-19T00:10:19.881+02:00  INFO 9732 --- [http-nio-8080-exec-1] o.s.web.servlet.DispatcherServlet        : Initializing Servlet 'dispatcherServlet'
2023-07-19T00:10:19.882+02:00  INFO 9732 --- [http-nio-8080-exec-1] o.s.web.servlet.DispatcherServlet        : Completed initialization in 1 ms
2023-07-19T00:10:33.431+02:00  INFO 9732 --- [http-nio-8080-exec-4] c.o.p.controller.UtilisateurController   : performing get register
2023-07-19T00:12:52.187+02:00  INFO 9732 --- [SpringApplicationShutdownHook] j.LocalContainerEntityManagerFactoryBean : Closing JPA EntityManagerFactory for persistence unit 'default'
2023-07-19T00:12:52.190+02:00  INFO 9732 --- [SpringApplicationShutdownHook] com.zaxxer.hikari.HikariDataSource       : HikariPool-1 - Shutdown initiated...
2023-07-19T00:12:52.194+02:00  INFO 9732 --- [SpringApplicationShutdownHook] com.zaxxer.hikari.HikariDataSource       : HikariPool-1 - Shutdown completed.
2023-07-19T00:12:57.836+02:00  INFO 7764 --- [main] c.o.paymybuddy.PaymybuddyApplication     : Starting PaymybuddyApplication using Java 17.0.6 with PID 7764 (C:\Users\simon\eclipse-workspace\PayMyBuddy\lefort-simon-projet-6\target\classes started by Simon in C:\Users\simon\eclipse-workspace\PayMyBuddy\lefort-simon-projet-6)
2023-07-19T00:12:57.837+02:00  INFO 7764 --- [main] c.o.paymybuddy.PaymybuddyApplication     : No active profile set, falling back to 1 default profile: "default"
2023-07-19T00:12:58.223+02:00  INFO 7764 --- [main] .s.d.r.c.RepositoryConfigurationDelegate : Bootstrapping Spring Data JPA repositories in DEFAULT mode.
2023-07-19T00:12:58.259+02:00  INFO 7764 --- [main] .s.d.r.c.RepositoryConfigurationDelegate : Finished Spring Data repository scanning in 31 ms. Found 2 JPA repository interfaces.
2023-07-19T00:12:58.619+02:00  INFO 7764 --- [main] o.s.b.w.embedded.tomcat.TomcatWebServer  : Tomcat initialized with port(s): 8080 (http)
2023-07-19T00:12:58.625+02:00  INFO 7764 --- [main] o.apache.catalina.core.StandardService   : Starting service [Tomcat]
2023-07-19T00:12:58.626+02:00  INFO 7764 --- [main] o.apache.catalina.core.StandardEngine    : Starting Servlet engine: [Apache Tomcat/10.1.10]
2023-07-19T00:12:58.705+02:00  INFO 7764 --- [main] o.a.c.c.C.[Tomcat].[localhost].[/]       : Initializing Spring embedded WebApplicationContext
2023-07-19T00:12:58.706+02:00  INFO 7764 --- [main] w.s.c.ServletWebServerApplicationContext : Root WebApplicationContext: initialization completed in 837 ms
2023-07-19T00:12:58.794+02:00  INFO 7764 --- [main] o.hibernate.jpa.internal.util.LogHelper  : HHH000204: Processing PersistenceUnitInfo [name: default]
2023-07-19T00:12:58.826+02:00  INFO 7764 --- [main] org.hibernate.Version                    : HHH000412: Hibernate ORM core version 6.2.5.Final
2023-07-19T00:12:58.827+02:00  INFO 7764 --- [main] org.hibernate.cfg.Environment            : HHH000406: Using bytecode reflection optimizer
2023-07-19T00:12:58.909+02:00  INFO 7764 --- [main] o.h.b.i.BytecodeProviderInitiator        : HHH000021: Bytecode provider name : bytebuddy
2023-07-19T00:12:58.988+02:00  INFO 7764 --- [main] o.s.o.j.p.SpringPersistenceUnitInfo      : No LoadTimeWeaver setup: ignoring JPA class transformer
2023-07-19T00:12:58.998+02:00  INFO 7764 --- [main] com.zaxxer.hikari.HikariDataSource       : HikariPool-1 - Starting...
2023-07-19T00:12:59.182+02:00  INFO 7764 --- [main] com.zaxxer.hikari.pool.HikariPool        : HikariPool-1 - Added connection com.mysql.cj.jdbc.ConnectionImpl@2b3f7704
2023-07-19T00:12:59.185+02:00  INFO 7764 --- [main] com.zaxxer.hikari.HikariDataSource       : HikariPool-1 - Start completed.
2023-07-19T00:12:59.214+02:00  WARN 7764 --- [main] org.hibernate.orm.deprecation            : HHH90000026: MySQL8Dialect has been deprecated; use org.hibernate.dialect.MySQLDialect instead
2023-07-19T00:12:59.363+02:00  INFO 7764 --- [main] o.h.b.i.BytecodeProviderInitiator        : HHH000021: Bytecode provider name : bytebuddy
2023-07-19T00:12:59.825+02:00  INFO 7764 --- [main] o.h.e.t.j.p.i.JtaPlatformInitiator       : HHH000490: Using JtaPlatform implementation: [org.hibernate.engine.transaction.jta.platform.internal.NoJtaPlatform]
2023-07-19T00:12:59.896+02:00  INFO 7764 --- [main] j.LocalContainerEntityManagerFactoryBean : Initialized JPA EntityManagerFactory for persistence unit 'default'
2023-07-19T00:13:00.192+02:00  INFO 7764 --- [main] c.o.p.configuration.SecurityConfig       : AuthenticationManager call
2023-07-19T00:13:00.194+02:00  INFO 7764 --- [main] c.o.p.configuration.SecurityConfig       : DaoAuthenticationProvider call
2023-07-19T00:13:00.203+02:00  INFO 7764 --- [main] c.o.p.configuration.SecurityConfig       : Encode password
2023-07-19T00:13:00.256+02:00  WARN 7764 --- [main] JpaBaseConfiguration$JpaWebConfiguration : spring.jpa.open-in-view is enabled by default. Therefore, database queries may be performed during view rendering. Explicitly configure spring.jpa.open-in-view to disable this warning
2023-07-19T00:13:00.329+02:00  INFO 7764 --- [main] c.o.p.configuration.SecurityConfig       : SecurityFilterChain applied
2023-07-19T00:13:00.431+02:00  INFO 7764 --- [main] o.s.s.web.DefaultSecurityFilterChain     : Will secure any request with [org.springframework.security.web.session.DisableEncodeUrlFilter@12d8e6b6, org.springframework.security.web.context.request.async.WebAsyncManagerIntegrationFilter@6d911985, org.springframework.security.web.context.SecurityContextHolderFilter@1cdb280b, org.springframework.security.web.header.HeaderWriterFilter@425a5c2e, org.springframework.security.web.csrf.CsrfFilter@47f8374, org.springframework.security.web.authentication.logout.LogoutFilter@6d96a895, org.springframework.security.web.authentication.UsernamePasswordAuthenticationFilter@21abd3a3, org.springframework.security.web.savedrequest.RequestCacheAwareFilter@3f8a44a4, org.springframework.security.web.servletapi.SecurityContextHolderAwareRequestFilter@61e34bec, org.springframework.security.web.authentication.AnonymousAuthenticationFilter@ab5dde4, org.springframework.security.web.access.ExceptionTranslationFilter@726dd367, org.springframework.security.web.access.intercept.AuthorizationFilter@27b84c9a]
2023-07-19T00:13:00.553+02:00  INFO 7764 --- [main] o.s.b.w.embedded.tomcat.TomcatWebServer  : Tomcat started on port(s): 8080 (http) with context path ''
2023-07-19T00:13:00.559+02:00  INFO 7764 --- [main] c.o.paymybuddy.PaymybuddyApplication     : Started PaymybuddyApplication in 3.019 seconds (process running for 3.272)
2023-07-19T00:13:02.776+02:00  INFO 7764 --- [http-nio-8080-exec-1] o.a.c.c.C.[Tomcat].[localhost].[/]       : Initializing Spring DispatcherServlet 'dispatcherServlet'
2023-07-19T00:13:02.777+02:00  INFO 7764 --- [http-nio-8080-exec-1] o.s.web.servlet.DispatcherServlet        : Initializing Servlet 'dispatcherServlet'
2023-07-19T00:13:02.778+02:00  INFO 7764 --- [http-nio-8080-exec-1] o.s.web.servlet.DispatcherServlet        : Completed initialization in 1 ms
2023-07-19T00:13:48.412+02:00  INFO 7764 --- [SpringApplicationShutdownHook] j.LocalContainerEntityManagerFactoryBean : Closing JPA EntityManagerFactory for persistence unit 'default'
2023-07-19T00:13:48.414+02:00  INFO 7764 --- [SpringApplicationShutdownHook] com.zaxxer.hikari.HikariDataSource       : HikariPool-1 - Shutdown initiated...
2023-07-19T00:13:48.417+02:00  INFO 7764 --- [SpringApplicationShutdownHook] com.zaxxer.hikari.HikariDataSource       : HikariPool-1 - Shutdown completed.
2023-07-19T00:14:02.936+02:00  INFO 10172 --- [main] c.o.paymybuddy.PaymybuddyApplication     : Starting PaymybuddyApplication using Java 17.0.6 with PID 10172 (C:\Users\simon\eclipse-workspace\PayMyBuddy\lefort-simon-projet-6\target\classes started by Simon in C:\Users\simon\eclipse-workspace\PayMyBuddy\lefort-simon-projet-6)
2023-07-19T00:14:02.938+02:00  INFO 10172 --- [main] c.o.paymybuddy.PaymybuddyApplication     : No active profile set, falling back to 1 default profile: "default"
2023-07-19T00:14:03.323+02:00  INFO 10172 --- [main] .s.d.r.c.RepositoryConfigurationDelegate : Bootstrapping Spring Data JPA repositories in DEFAULT mode.
2023-07-19T00:14:03.358+02:00  INFO 10172 --- [main] .s.d.r.c.RepositoryConfigurationDelegate : Finished Spring Data repository scanning in 30 ms. Found 2 JPA repository interfaces.
2023-07-19T00:14:03.724+02:00  INFO 10172 --- [main] o.s.b.w.embedded.tomcat.TomcatWebServer  : Tomcat initialized with port(s): 8080 (http)
2023-07-19T00:14:03.730+02:00  INFO 10172 --- [main] o.apache.catalina.core.StandardService   : Starting service [Tomcat]
2023-07-19T00:14:03.732+02:00  INFO 10172 --- [main] o.apache.catalina.core.StandardEngine    : Starting Servlet engine: [Apache Tomcat/10.1.10]
2023-07-19T00:14:03.803+02:00  INFO 10172 --- [main] o.a.c.c.C.[Tomcat].[localhost].[/]       : Initializing Spring embedded WebApplicationContext
2023-07-19T00:14:03.803+02:00  INFO 10172 --- [main] w.s.c.ServletWebServerApplicationContext : Root WebApplicationContext: initialization completed in 835 ms
2023-07-19T00:14:03.891+02:00  INFO 10172 --- [main] o.hibernate.jpa.internal.util.LogHelper  : HHH000204: Processing PersistenceUnitInfo [name: default]
2023-07-19T00:14:03.923+02:00  INFO 10172 --- [main] org.hibernate.Version                    : HHH000412: Hibernate ORM core version 6.2.5.Final
2023-07-19T00:14:03.924+02:00  INFO 10172 --- [main] org.hibernate.cfg.Environment            : HHH000406: Using bytecode reflection optimizer
2023-07-19T00:14:04.005+02:00  INFO 10172 --- [main] o.h.b.i.BytecodeProviderInitiator        : HHH000021: Bytecode provider name : bytebuddy
2023-07-19T00:14:04.084+02:00  INFO 10172 --- [main] o.s.o.j.p.SpringPersistenceUnitInfo      : No LoadTimeWeaver setup: ignoring JPA class transformer
2023-07-19T00:14:04.095+02:00  INFO 10172 --- [main] com.zaxxer.hikari.HikariDataSource       : HikariPool-1 - Starting...
2023-07-19T00:14:04.276+02:00  INFO 10172 --- [main] com.zaxxer.hikari.pool.HikariPool        : HikariPool-1 - Added connection com.mysql.cj.jdbc.ConnectionImpl@2ae5bd34
2023-07-19T00:14:04.277+02:00  INFO 10172 --- [main] com.zaxxer.hikari.HikariDataSource       : HikariPool-1 - Start completed.
2023-07-19T00:14:04.308+02:00  WARN 10172 --- [main] org.hibernate.orm.deprecation            : HHH90000026: MySQL8Dialect has been deprecated; use org.hibernate.dialect.MySQLDialect instead
2023-07-19T00:14:04.454+02:00  INFO 10172 --- [main] o.h.b.i.BytecodeProviderInitiator        : HHH000021: Bytecode provider name : bytebuddy
2023-07-19T00:14:04.922+02:00  INFO 10172 --- [main] o.h.e.t.j.p.i.JtaPlatformInitiator       : HHH000490: Using JtaPlatform implementation: [org.hibernate.engine.transaction.jta.platform.internal.NoJtaPlatform]
2023-07-19T00:14:04.988+02:00  INFO 10172 --- [main] j.LocalContainerEntityManagerFactoryBean : Initialized JPA EntityManagerFactory for persistence unit 'default'
2023-07-19T00:14:05.208+02:00  INFO 10172 --- [main] c.o.p.configuration.SecurityConfig       : AuthenticationManager call
2023-07-19T00:14:05.209+02:00  INFO 10172 --- [main] c.o.p.configuration.SecurityConfig       : DaoAuthenticationProvider call
2023-07-19T00:14:05.218+02:00  INFO 10172 --- [main] c.o.p.configuration.SecurityConfig       : Encode password
2023-07-19T00:14:05.238+02:00  WARN 10172 --- [main] JpaBaseConfiguration$JpaWebConfiguration : spring.jpa.open-in-view is enabled by default. Therefore, database queries may be performed during view rendering. Explicitly configure spring.jpa.open-in-view to disable this warning
2023-07-19T00:14:05.287+02:00  INFO 10172 --- [main] c.o.p.configuration.SecurityConfig       : SecurityFilterChain applied
2023-07-19T00:14:05.390+02:00  INFO 10172 --- [main] o.s.s.web.DefaultSecurityFilterChain     : Will secure any request with [org.springframework.security.web.session.DisableEncodeUrlFilter@77e1b84c, org.springframework.security.web.context.request.async.WebAsyncManagerIntegrationFilter@12d8e6b6, org.springframework.security.web.context.SecurityContextHolderFilter@44a7661d, org.springframework.security.web.header.HeaderWriterFilter@433362e0, org.springframework.security.web.csrf.CsrfFilter@e7ddf8d, org.springframework.security.web.authentication.logout.LogoutFilter@192b76a4, org.springframework.security.web.authentication.UsernamePasswordAuthenticationFilter@27b84c9a, org.springframework.security.web.savedrequest.RequestCacheAwareFilter@cf0bc92, org.springframework.security.web.servletapi.SecurityContextHolderAwareRequestFilter@c2191a8, org.springframework.security.web.authentication.AnonymousAuthenticationFilter@6d911985, org.springframework.security.web.access.ExceptionTranslationFilter@6c399d4, org.springframework.security.web.access.intercept.AuthorizationFilter@3445ddf2]
2023-07-19T00:14:05.514+02:00  INFO 10172 --- [main] o.s.b.w.embedded.tomcat.TomcatWebServer  : Tomcat started on port(s): 8080 (http) with context path ''
2023-07-19T00:14:05.520+02:00  INFO 10172 --- [main] c.o.paymybuddy.PaymybuddyApplication     : Started PaymybuddyApplication in 2.85 seconds (process running for 3.093)
2023-07-19T00:14:08.720+02:00  INFO 10172 --- [http-nio-8080-exec-1] o.a.c.c.C.[Tomcat].[localhost].[/]       : Initializing Spring DispatcherServlet 'dispatcherServlet'
2023-07-19T00:14:08.722+02:00  INFO 10172 --- [http-nio-8080-exec-1] o.s.web.servlet.DispatcherServlet        : Initializing Servlet 'dispatcherServlet'
2023-07-19T00:14:08.723+02:00  INFO 10172 --- [http-nio-8080-exec-1] o.s.web.servlet.DispatcherServlet        : Completed initialization in 0 ms
2023-07-19T00:14:15.166+02:00  INFO 10172 --- [http-nio-8080-exec-3] c.o.p.controller.UtilisateurController   : performing get register
2023-07-19T00:15:00.882+02:00  INFO 10172 --- [SpringApplicationShutdownHook] j.LocalContainerEntityManagerFactoryBean : Closing JPA EntityManagerFactory for persistence unit 'default'
2023-07-19T00:15:00.883+02:00  INFO 10172 --- [SpringApplicationShutdownHook] com.zaxxer.hikari.HikariDataSource       : HikariPool-1 - Shutdown initiated...
2023-07-19T00:15:00.887+02:00  INFO 10172 --- [SpringApplicationShutdownHook] com.zaxxer.hikari.HikariDataSource       : HikariPool-1 - Shutdown completed.
2023-07-19T00:15:06.278+02:00  INFO 2236 --- [main] c.o.paymybuddy.PaymybuddyApplication     : Starting PaymybuddyApplication using Java 17.0.6 with PID 2236 (C:\Users\simon\eclipse-workspace\PayMyBuddy\lefort-simon-projet-6\target\classes started by Simon in C:\Users\simon\eclipse-workspace\PayMyBuddy\lefort-simon-projet-6)
2023-07-19T00:15:06.279+02:00  INFO 2236 --- [main] c.o.paymybuddy.PaymybuddyApplication     : No active profile set, falling back to 1 default profile: "default"
2023-07-19T00:15:06.673+02:00  INFO 2236 --- [main] .s.d.r.c.RepositoryConfigurationDelegate : Bootstrapping Spring Data JPA repositories in DEFAULT mode.
2023-07-19T00:15:06.710+02:00  INFO 2236 --- [main] .s.d.r.c.RepositoryConfigurationDelegate : Finished Spring Data repository scanning in 32 ms. Found 2 JPA repository interfaces.
2023-07-19T00:15:07.087+02:00  INFO 2236 --- [main] o.s.b.w.embedded.tomcat.TomcatWebServer  : Tomcat initialized with port(s): 8080 (http)
2023-07-19T00:15:07.094+02:00  INFO 2236 --- [main] o.apache.catalina.core.StandardService   : Starting service [Tomcat]
2023-07-19T00:15:07.094+02:00  INFO 2236 --- [main] o.apache.catalina.core.StandardEngine    : Starting Servlet engine: [Apache Tomcat/10.1.10]
2023-07-19T00:15:07.170+02:00  INFO 2236 --- [main] o.a.c.c.C.[Tomcat].[localhost].[/]       : Initializing Spring embedded WebApplicationContext
2023-07-19T00:15:07.170+02:00  INFO 2236 --- [main] w.s.c.ServletWebServerApplicationContext : Root WebApplicationContext: initialization completed in 859 ms
2023-07-19T00:15:07.264+02:00  INFO 2236 --- [main] o.hibernate.jpa.internal.util.LogHelper  : HHH000204: Processing PersistenceUnitInfo [name: default]
2023-07-19T00:15:07.300+02:00  INFO 2236 --- [main] org.hibernate.Version                    : HHH000412: Hibernate ORM core version 6.2.5.Final
2023-07-19T00:15:07.301+02:00  INFO 2236 --- [main] org.hibernate.cfg.Environment            : HHH000406: Using bytecode reflection optimizer
2023-07-19T00:15:07.384+02:00  INFO 2236 --- [main] o.h.b.i.BytecodeProviderInitiator        : HHH000021: Bytecode provider name : bytebuddy
2023-07-19T00:15:07.466+02:00  INFO 2236 --- [main] o.s.o.j.p.SpringPersistenceUnitInfo      : No LoadTimeWeaver setup: ignoring JPA class transformer
2023-07-19T00:15:07.477+02:00  INFO 2236 --- [main] com.zaxxer.hikari.HikariDataSource       : HikariPool-1 - Starting...
2023-07-19T00:15:07.663+02:00  INFO 2236 --- [main] com.zaxxer.hikari.pool.HikariPool        : HikariPool-1 - Added connection com.mysql.cj.jdbc.ConnectionImpl@1a17dd6f
2023-07-19T00:15:07.666+02:00  INFO 2236 --- [main] com.zaxxer.hikari.HikariDataSource       : HikariPool-1 - Start completed.
2023-07-19T00:15:07.696+02:00  WARN 2236 --- [main] org.hibernate.orm.deprecation            : HHH90000026: MySQL8Dialect has been deprecated; use org.hibernate.dialect.MySQLDialect instead
2023-07-19T00:15:07.856+02:00  INFO 2236 --- [main] o.h.b.i.BytecodeProviderInitiator        : HHH000021: Bytecode provider name : bytebuddy
2023-07-19T00:15:08.338+02:00  INFO 2236 --- [main] o.h.e.t.j.p.i.JtaPlatformInitiator       : HHH000490: Using JtaPlatform implementation: [org.hibernate.engine.transaction.jta.platform.internal.NoJtaPlatform]
2023-07-19T00:15:08.407+02:00  INFO 2236 --- [main] j.LocalContainerEntityManagerFactoryBean : Initialized JPA EntityManagerFactory for persistence unit 'default'
2023-07-19T00:15:08.647+02:00  INFO 2236 --- [main] c.o.p.configuration.SecurityConfig       : AuthenticationManager call
2023-07-19T00:15:08.648+02:00  INFO 2236 --- [main] c.o.p.configuration.SecurityConfig       : DaoAuthenticationProvider call
2023-07-19T00:15:08.657+02:00  INFO 2236 --- [main] c.o.p.configuration.SecurityConfig       : Encode password
2023-07-19T00:15:08.678+02:00  WARN 2236 --- [main] JpaBaseConfiguration$JpaWebConfiguration : spring.jpa.open-in-view is enabled by default. Therefore, database queries may be performed during view rendering. Explicitly configure spring.jpa.open-in-view to disable this warning
2023-07-19T00:15:08.721+02:00  INFO 2236 --- [main] c.o.p.configuration.SecurityConfig       : SecurityFilterChain applied
2023-07-19T00:15:08.834+02:00  INFO 2236 --- [main] o.s.s.web.DefaultSecurityFilterChain     : Will secure any request with [org.springframework.security.web.session.DisableEncodeUrlFilter@5e1bfe66, org.springframework.security.web.context.request.async.WebAsyncManagerIntegrationFilter@6c399d4, org.springframework.security.web.context.SecurityContextHolderFilter@27caa186, org.springframework.security.web.header.HeaderWriterFilter@5cd2adc7, org.springframework.security.web.csrf.CsrfFilter@1f4b8027, org.springframework.security.web.authentication.logout.LogoutFilter@b8c6406, org.springframework.security.web.authentication.UsernamePasswordAuthenticationFilter@5c20841d, org.springframework.security.web.savedrequest.RequestCacheAwareFilter@753c7411, org.springframework.security.web.servletapi.SecurityContextHolderAwareRequestFilter@4d529dbf, org.springframework.security.web.authentication.AnonymousAuthenticationFilter@726dd367, org.springframework.security.web.access.ExceptionTranslationFilter@e60c466, org.springframework.security.web.access.intercept.AuthorizationFilter@3ba50851]
2023-07-19T00:15:08.968+02:00  INFO 2236 --- [main] o.s.b.w.embedded.tomcat.TomcatWebServer  : Tomcat started on port(s): 8080 (http) with context path ''
2023-07-19T00:15:08.974+02:00  INFO 2236 --- [main] c.o.paymybuddy.PaymybuddyApplication     : Started PaymybuddyApplication in 2.972 seconds (process running for 3.225)
2023-07-19T00:15:13.945+02:00  INFO 2236 --- [http-nio-8080-exec-1] o.a.c.c.C.[Tomcat].[localhost].[/]       : Initializing Spring DispatcherServlet 'dispatcherServlet'
2023-07-19T00:15:13.945+02:00  INFO 2236 --- [http-nio-8080-exec-1] o.s.web.servlet.DispatcherServlet        : Initializing Servlet 'dispatcherServlet'
2023-07-19T00:15:13.946+02:00  INFO 2236 --- [http-nio-8080-exec-1] o.s.web.servlet.DispatcherServlet        : Completed initialization in 0 ms
2023-07-19T00:15:39.245+02:00  INFO 2236 --- [http-nio-8080-exec-7] c.o.p.controller.UtilisateurController   : performing get register
2023-07-19T00:17:55.059+02:00  INFO 2236 --- [SpringApplicationShutdownHook] j.LocalContainerEntityManagerFactoryBean : Closing JPA EntityManagerFactory for persistence unit 'default'
2023-07-19T00:17:55.060+02:00  INFO 2236 --- [SpringApplicationShutdownHook] com.zaxxer.hikari.HikariDataSource       : HikariPool-1 - Shutdown initiated...
2023-07-19T00:17:55.064+02:00  INFO 2236 --- [SpringApplicationShutdownHook] com.zaxxer.hikari.HikariDataSource       : HikariPool-1 - Shutdown completed.
2023-07-19T00:18:00.423+02:00  INFO 17288 --- [main] c.o.paymybuddy.PaymybuddyApplication     : Starting PaymybuddyApplication using Java 17.0.6 with PID 17288 (C:\Users\simon\eclipse-workspace\PayMyBuddy\lefort-simon-projet-6\target\classes started by Simon in C:\Users\simon\eclipse-workspace\PayMyBuddy\lefort-simon-projet-6)
2023-07-19T00:18:00.425+02:00  INFO 17288 --- [main] c.o.paymybuddy.PaymybuddyApplication     : No active profile set, falling back to 1 default profile: "default"
2023-07-19T00:18:00.819+02:00  INFO 17288 --- [main] .s.d.r.c.RepositoryConfigurationDelegate : Bootstrapping Spring Data JPA repositories in DEFAULT mode.
2023-07-19T00:18:00.858+02:00  INFO 17288 --- [main] .s.d.r.c.RepositoryConfigurationDelegate : Finished Spring Data repository scanning in 32 ms. Found 2 JPA repository interfaces.
2023-07-19T00:18:01.224+02:00  INFO 17288 --- [main] o.s.b.w.embedded.tomcat.TomcatWebServer  : Tomcat initialized with port(s): 8080 (http)
2023-07-19T00:18:01.230+02:00  INFO 17288 --- [main] o.apache.catalina.core.StandardService   : Starting service [Tomcat]
2023-07-19T00:18:01.230+02:00  INFO 17288 --- [main] o.apache.catalina.core.StandardEngine    : Starting Servlet engine: [Apache Tomcat/10.1.10]
2023-07-19T00:18:01.302+02:00  INFO 17288 --- [main] o.a.c.c.C.[Tomcat].[localhost].[/]       : Initializing Spring embedded WebApplicationContext
2023-07-19T00:18:01.302+02:00  INFO 17288 --- [main] w.s.c.ServletWebServerApplicationContext : Root WebApplicationContext: initialization completed in 846 ms
2023-07-19T00:18:01.393+02:00  INFO 17288 --- [main] o.hibernate.jpa.internal.util.LogHelper  : HHH000204: Processing PersistenceUnitInfo [name: default]
2023-07-19T00:18:01.424+02:00  INFO 17288 --- [main] org.hibernate.Version                    : HHH000412: Hibernate ORM core version 6.2.5.Final
2023-07-19T00:18:01.425+02:00  INFO 17288 --- [main] org.hibernate.cfg.Environment            : HHH000406: Using bytecode reflection optimizer
2023-07-19T00:18:01.508+02:00  INFO 17288 --- [main] o.h.b.i.BytecodeProviderInitiator        : HHH000021: Bytecode provider name : bytebuddy
2023-07-19T00:18:01.588+02:00  INFO 17288 --- [main] o.s.o.j.p.SpringPersistenceUnitInfo      : No LoadTimeWeaver setup: ignoring JPA class transformer
2023-07-19T00:18:01.598+02:00  INFO 17288 --- [main] com.zaxxer.hikari.HikariDataSource       : HikariPool-1 - Starting...
2023-07-19T00:18:01.782+02:00  INFO 17288 --- [main] com.zaxxer.hikari.pool.HikariPool        : HikariPool-1 - Added connection com.mysql.cj.jdbc.ConnectionImpl@41e8d917
2023-07-19T00:18:01.783+02:00  INFO 17288 --- [main] com.zaxxer.hikari.HikariDataSource       : HikariPool-1 - Start completed.
2023-07-19T00:18:01.817+02:00  WARN 17288 --- [main] org.hibernate.orm.deprecation            : HHH90000026: MySQL8Dialect has been deprecated; use org.hibernate.dialect.MySQLDialect instead
2023-07-19T00:18:01.999+02:00  INFO 17288 --- [main] o.h.b.i.BytecodeProviderInitiator        : HHH000021: Bytecode provider name : bytebuddy
2023-07-19T00:18:02.496+02:00  INFO 17288 --- [main] o.h.e.t.j.p.i.JtaPlatformInitiator       : HHH000490: Using JtaPlatform implementation: [org.hibernate.engine.transaction.jta.platform.internal.NoJtaPlatform]
2023-07-19T00:18:02.566+02:00  INFO 17288 --- [main] j.LocalContainerEntityManagerFactoryBean : Initialized JPA EntityManagerFactory for persistence unit 'default'
2023-07-19T00:18:02.794+02:00  INFO 17288 --- [main] c.o.p.configuration.SecurityConfig       : AuthenticationManager call
2023-07-19T00:18:02.796+02:00  INFO 17288 --- [main] c.o.p.configuration.SecurityConfig       : DaoAuthenticationProvider call
2023-07-19T00:18:02.805+02:00  INFO 17288 --- [main] c.o.p.configuration.SecurityConfig       : Encode password
2023-07-19T00:18:02.826+02:00  WARN 17288 --- [main] JpaBaseConfiguration$JpaWebConfiguration : spring.jpa.open-in-view is enabled by default. Therefore, database queries may be performed during view rendering. Explicitly configure spring.jpa.open-in-view to disable this warning
2023-07-19T00:18:02.879+02:00  INFO 17288 --- [main] c.o.p.configuration.SecurityConfig       : SecurityFilterChain applied
2023-07-19T00:18:02.984+02:00  INFO 17288 --- [main] o.s.s.web.DefaultSecurityFilterChain     : Will secure any request with [org.springframework.security.web.session.DisableEncodeUrlFilter@6d514259, org.springframework.security.web.context.request.async.WebAsyncManagerIntegrationFilter@77e1b84c, org.springframework.security.web.context.SecurityContextHolderFilter@58cd6088, org.springframework.security.web.header.HeaderWriterFilter@726dd367, org.springframework.security.web.csrf.CsrfFilter@2ae07dbd, org.springframework.security.web.authentication.logout.LogoutFilter@238c63df, org.springframework.security.web.authentication.UsernamePasswordAuthenticationFilter@3445ddf2, org.springframework.security.web.savedrequest.RequestCacheAwareFilter@1cdb280b, org.springframework.security.web.servletapi.SecurityContextHolderAwareRequestFilter@53cb9b1, org.springframework.security.web.authentication.AnonymousAuthenticationFilter@12d8e6b6, org.springframework.security.web.access.ExceptionTranslationFilter@5e1bfe66, org.springframework.security.web.access.intercept.AuthorizationFilter@222dc36c]
2023-07-19T00:18:03.117+02:00  INFO 17288 --- [main] o.s.b.w.embedded.tomcat.TomcatWebServer  : Tomcat started on port(s): 8080 (http) with context path ''
2023-07-19T00:18:03.122+02:00  INFO 17288 --- [main] c.o.paymybuddy.PaymybuddyApplication     : Started PaymybuddyApplication in 2.966 seconds (process running for 3.207)
2023-07-19T00:18:08.738+02:00  INFO 17288 --- [http-nio-8080-exec-1] o.a.c.c.C.[Tomcat].[localhost].[/]       : Initializing Spring DispatcherServlet 'dispatcherServlet'
2023-07-19T00:18:08.739+02:00  INFO 17288 --- [http-nio-8080-exec-1] o.s.web.servlet.DispatcherServlet        : Initializing Servlet 'dispatcherServlet'
2023-07-19T00:18:08.740+02:00  INFO 17288 --- [http-nio-8080-exec-1] o.s.web.servlet.DispatcherServlet        : Completed initialization in 1 ms
2023-07-19T00:18:08.763+02:00  INFO 17288 --- [http-nio-8080-exec-1] c.o.p.controller.UtilisateurController   : performing get login
2023-07-19T00:18:14.136+02:00  INFO 17288 --- [http-nio-8080-exec-3] c.o.p.controller.UtilisateurController   : performing get login
2023-07-19T00:18:21.582+02:00  INFO 17288 --- [http-nio-8080-exec-5] c.o.p.controller.UtilisateurController   : performing get login
2023-07-19T00:18:29.980+02:00  INFO 17288 --- [http-nio-8080-exec-7] c.o.p.controller.UtilisateurController   : performing get login
2023-07-19T00:19:09.906+02:00  INFO 17288 --- [SpringApplicationShutdownHook] j.LocalContainerEntityManagerFactoryBean : Closing JPA EntityManagerFactory for persistence unit 'default'
2023-07-19T00:19:09.908+02:00  INFO 17288 --- [SpringApplicationShutdownHook] com.zaxxer.hikari.HikariDataSource       : HikariPool-1 - Shutdown initiated...
2023-07-19T00:19:09.912+02:00  INFO 17288 --- [SpringApplicationShutdownHook] com.zaxxer.hikari.HikariDataSource       : HikariPool-1 - Shutdown completed.
2023-07-19T00:19:15.203+02:00  INFO 15300 --- [main] c.o.paymybuddy.PaymybuddyApplication     : Starting PaymybuddyApplication using Java 17.0.6 with PID 15300 (C:\Users\simon\eclipse-workspace\PayMyBuddy\lefort-simon-projet-6\target\classes started by Simon in C:\Users\simon\eclipse-workspace\PayMyBuddy\lefort-simon-projet-6)
2023-07-19T00:19:15.204+02:00  INFO 15300 --- [main] c.o.paymybuddy.PaymybuddyApplication     : No active profile set, falling back to 1 default profile: "default"
2023-07-19T00:19:15.585+02:00  INFO 15300 --- [main] .s.d.r.c.RepositoryConfigurationDelegate : Bootstrapping Spring Data JPA repositories in DEFAULT mode.
2023-07-19T00:19:15.621+02:00  INFO 15300 --- [main] .s.d.r.c.RepositoryConfigurationDelegate : Finished Spring Data repository scanning in 31 ms. Found 2 JPA repository interfaces.
2023-07-19T00:19:15.985+02:00  INFO 15300 --- [main] o.s.b.w.embedded.tomcat.TomcatWebServer  : Tomcat initialized with port(s): 8080 (http)
2023-07-19T00:19:15.992+02:00  INFO 15300 --- [main] o.apache.catalina.core.StandardService   : Starting service [Tomcat]
2023-07-19T00:19:15.992+02:00  INFO 15300 --- [main] o.apache.catalina.core.StandardEngine    : Starting Servlet engine: [Apache Tomcat/10.1.10]
2023-07-19T00:19:16.063+02:00  INFO 15300 --- [main] o.a.c.c.C.[Tomcat].[localhost].[/]       : Initializing Spring embedded WebApplicationContext
2023-07-19T00:19:16.064+02:00  INFO 15300 --- [main] w.s.c.ServletWebServerApplicationContext : Root WebApplicationContext: initialization completed in 830 ms
2023-07-19T00:19:16.153+02:00  INFO 15300 --- [main] o.hibernate.jpa.internal.util.LogHelper  : HHH000204: Processing PersistenceUnitInfo [name: default]
2023-07-19T00:19:16.186+02:00  INFO 15300 --- [main] org.hibernate.Version                    : HHH000412: Hibernate ORM core version 6.2.5.Final
2023-07-19T00:19:16.187+02:00  INFO 15300 --- [main] org.hibernate.cfg.Environment            : HHH000406: Using bytecode reflection optimizer
2023-07-19T00:19:16.269+02:00  INFO 15300 --- [main] o.h.b.i.BytecodeProviderInitiator        : HHH000021: Bytecode provider name : bytebuddy
2023-07-19T00:19:16.349+02:00  INFO 15300 --- [main] o.s.o.j.p.SpringPersistenceUnitInfo      : No LoadTimeWeaver setup: ignoring JPA class transformer
2023-07-19T00:19:16.359+02:00  INFO 15300 --- [main] com.zaxxer.hikari.HikariDataSource       : HikariPool-1 - Starting...
2023-07-19T00:19:16.540+02:00  INFO 15300 --- [main] com.zaxxer.hikari.pool.HikariPool        : HikariPool-1 - Added connection com.mysql.cj.jdbc.ConnectionImpl@41e8d917
2023-07-19T00:19:16.542+02:00  INFO 15300 --- [main] com.zaxxer.hikari.HikariDataSource       : HikariPool-1 - Start completed.
2023-07-19T00:19:16.572+02:00  WARN 15300 --- [main] org.hibernate.orm.deprecation            : HHH90000026: MySQL8Dialect has been deprecated; use org.hibernate.dialect.MySQLDialect instead
2023-07-19T00:19:16.720+02:00  INFO 15300 --- [main] o.h.b.i.BytecodeProviderInitiator        : HHH000021: Bytecode provider name : bytebuddy
2023-07-19T00:19:17.202+02:00  INFO 15300 --- [main] o.h.e.t.j.p.i.JtaPlatformInitiator       : HHH000490: Using JtaPlatform implementation: [org.hibernate.engine.transaction.jta.platform.internal.NoJtaPlatform]
2023-07-19T00:19:17.274+02:00  INFO 15300 --- [main] j.LocalContainerEntityManagerFactoryBean : Initialized JPA EntityManagerFactory for persistence unit 'default'
2023-07-19T00:19:17.548+02:00  INFO 15300 --- [main] c.o.p.configuration.SecurityConfig       : AuthenticationManager call
2023-07-19T00:19:17.549+02:00  INFO 15300 --- [main] c.o.p.configuration.SecurityConfig       : DaoAuthenticationProvider call
2023-07-19T00:19:17.559+02:00  INFO 15300 --- [main] c.o.p.configuration.SecurityConfig       : Encode password
2023-07-19T00:19:17.583+02:00  WARN 15300 --- [main] JpaBaseConfiguration$JpaWebConfiguration : spring.jpa.open-in-view is enabled by default. Therefore, database queries may be performed during view rendering. Explicitly configure spring.jpa.open-in-view to disable this warning
2023-07-19T00:19:17.637+02:00  INFO 15300 --- [main] c.o.p.configuration.SecurityConfig       : SecurityFilterChain applied
2023-07-19T00:19:17.741+02:00  INFO 15300 --- [main] o.s.s.web.DefaultSecurityFilterChain     : Will secure any request with [org.springframework.security.web.session.DisableEncodeUrlFilter@18ed9480, org.springframework.security.web.context.request.async.WebAsyncManagerIntegrationFilter@5fb05c07, org.springframework.security.web.context.SecurityContextHolderFilter@76ffd052, org.springframework.security.web.header.HeaderWriterFilter@b8c6406, org.springframework.security.web.csrf.CsrfFilter@76641439, org.springframework.security.web.authentication.logout.LogoutFilter@53b83897, org.springframework.security.web.authentication.UsernamePasswordAuthenticationFilter@47d0195b, org.springframework.security.web.savedrequest.RequestCacheAwareFilter@1f4de96e, org.springframework.security.web.servletapi.SecurityContextHolderAwareRequestFilter@3ba50851, org.springframework.security.web.authentication.AnonymousAuthenticationFilter@238c63df, org.springframework.security.web.access.ExceptionTranslationFilter@47f8374, org.springframework.security.web.access.intercept.AuthorizationFilter@7137cd14]
2023-07-19T00:19:17.876+02:00  INFO 15300 --- [main] o.s.b.w.embedded.tomcat.TomcatWebServer  : Tomcat started on port(s): 8080 (http) with context path ''
2023-07-19T00:19:17.881+02:00  INFO 15300 --- [main] c.o.paymybuddy.PaymybuddyApplication     : Started PaymybuddyApplication in 2.947 seconds (process running for 3.187)
2023-07-19T00:19:20.737+02:00  INFO 15300 --- [http-nio-8080-exec-1] o.a.c.c.C.[Tomcat].[localhost].[/]       : Initializing Spring DispatcherServlet 'dispatcherServlet'
2023-07-19T00:19:20.738+02:00  INFO 15300 --- [http-nio-8080-exec-1] o.s.web.servlet.DispatcherServlet        : Initializing Servlet 'dispatcherServlet'
2023-07-19T00:19:20.739+02:00  INFO 15300 --- [http-nio-8080-exec-1] o.s.web.servlet.DispatcherServlet        : Completed initialization in 0 ms
2023-07-19T00:19:20.764+02:00  INFO 15300 --- [http-nio-8080-exec-1] c.o.p.controller.UtilisateurController   : performing get login
2023-07-19T00:19:24.791+02:00  INFO 15300 --- [http-nio-8080-exec-4] c.o.p.controller.UtilisateurController   : performing get login
2023-07-19T00:19:25.892+02:00  INFO 15300 --- [http-nio-8080-exec-3] c.o.p.controller.UtilisateurController   : performing get login
2023-07-19T00:19:34.716+02:00  INFO 15300 --- [http-nio-8080-exec-6] c.o.p.controller.UtilisateurController   : performing get register
2023-07-19T00:19:37.361+02:00  INFO 15300 --- [http-nio-8080-exec-7] c.o.p.controller.UtilisateurController   : performing get login
2023-07-19T00:19:48.961+02:00  INFO 15300 --- [SpringApplicationShutdownHook] j.LocalContainerEntityManagerFactoryBean : Closing JPA EntityManagerFactory for persistence unit 'default'
2023-07-19T00:19:48.962+02:00  INFO 15300 --- [SpringApplicationShutdownHook] com.zaxxer.hikari.HikariDataSource       : HikariPool-1 - Shutdown initiated...
2023-07-19T00:19:48.967+02:00  INFO 15300 --- [SpringApplicationShutdownHook] com.zaxxer.hikari.HikariDataSource       : HikariPool-1 - Shutdown completed.
